<?xml version="1.0" encoding="UTF-8"?>
<!-- Generated by org.testng.reporters.JUnitXMLReporter -->
<testsuite hostname="sailee" ignored="0" name="Test1" tests="4" failures="0" timestamp="07 Feb 2018 15:49:16 GMT" time="20.149" errors="0">
  <testcase name="enterTextTest" time="0.188" classname="com.selenium.test.TestClass"/>
  <testcase name="selectListItemTest" time="1.737" classname="com.selenium.test.TestClass"/>
  <testcase name="clickOnTutorialLinkTest" time="9.381" classname="com.selenium.test.TestClass"/>
  <testcase name="validateTutorialPageTest" time="0.078" classname="com.selenium.test.TestClass"/>
</testsuite> <!-- Test1 -->
